<?xml version="1.0" encoding="UTF-8"?>
<testng-results ignored="0" total="1" passed="1" failed="0" skipped="0">
  <reporter-output>
  </reporter-output>
  <suite started-at="2024-05-29T22:24:46 AEST" name="Default suite" finished-at="2024-05-29T22:24:51 AEST" duration-ms="4838">
    <groups>
    </groups>
    <test started-at="2024-05-29T22:24:46 AEST" name="Default test" finished-at="2024-05-29T22:24:51 AEST" duration-ms="4838">
      <class name="api.Usecases.validatetestcas">
        <test-method is-config="true" signature="setup()[pri:0, instance:api.Usecases.validatetestcas@b62d79]" started-at="2024-05-29T22:24:46 AEST" name="setup" finished-at="2024-05-29T22:24:46 AEST" duration-ms="124" status="PASS">
          <reporter-output>
          </reporter-output>
        </test-method> <!-- setup -->
        <test-method signature="TestReult()[pri:0, instance:api.Usecases.validatetestcas@b62d79]" started-at="2024-05-29T22:24:46 AEST" name="TestReult" finished-at="2024-05-29T22:24:51 AEST" duration-ms="4427" status="PASS">
          <reporter-output>
          </reporter-output>
        </test-method> <!-- TestReult -->
        <test-method is-config="true" signature="tearDown()[pri:0, instance:api.Usecases.validatetestcas@b62d79]" started-at="2024-05-29T22:24:51 AEST" name="tearDown" finished-at="2024-05-29T22:24:51 AEST" duration-ms="252" status="PASS">
          <reporter-output>
          </reporter-output>
        </test-method> <!-- tearDown -->
      </class> <!-- api.Usecases.validatetestcas -->
    </test> <!-- Default test -->
  </suite> <!-- Default suite -->
</testng-results>
